
  .   ____          _            __ _ _
 /\\ / ___'_ __ _ _(_)_ __  __ _ \ \ \ \
( ( )\___ | '_ | '_| | '_ \/ _` | \ \ \ \
 \\/  ___)| |_)| | | | | || (_| |  ) ) ) )
  '  |____| .__|_| |_|_| |_\__, | / / / /
 =========|_|==============|___/=/_/_/_/
 :: Spring Boot ::                (v3.2.2)

2026-03-19T19:02:25.791+05:30  INFO 6972 --- [           main] com.medico.backend.BackendApplication    : Starting BackendApplication v0.0.1-SNAPSHOT using Java 23.0.2 with PID 6972 (D:\medico\backend\target\backend-0.0.1-SNAPSHOT.jar started by LENOVO in D:\medico\backend)
2026-03-19T19:02:25.799+05:30  INFO 6972 --- [           main] com.medico.backend.BackendApplication    : No active profile set, falling back to 1 default profile: "default"
2026-03-19T19:02:30.466+05:30  INFO 6972 --- [           main] .s.d.r.c.RepositoryConfigurationDelegate : Bootstrapping Spring Data JPA repositories in DEFAULT mode.
2026-03-19T19:02:30.809+05:30  INFO 6972 --- [           main] .s.d.r.c.RepositoryConfigurationDelegate : Finished Spring Data repository scanning in 308 ms. Found 13 JPA repository interfaces.
2026-03-19T19:02:33.142+05:30  INFO 6972 --- [           main] o.s.b.w.embedded.tomcat.TomcatWebServer  : Tomcat initialized with port 8080 (http)
2026-03-19T19:02:33.199+05:30  INFO 6972 --- [           main] o.apache.catalina.core.StandardService   : Starting service [Tomcat]
2026-03-19T19:02:33.199+05:30  INFO 6972 --- [           main] o.apache.catalina.core.StandardEngine    : Starting Servlet engine: [Apache Tomcat/10.1.18]
2026-03-19T19:02:33.870+05:30  INFO 6972 --- [           main] o.a.c.c.C.[Tomcat].[localhost].[/]       : Initializing Spring embedded WebApplicationContext
2026-03-19T19:02:33.877+05:30  INFO 6972 --- [           main] w.s.c.ServletWebServerApplicationContext : Root WebApplicationContext: initialization completed in 7805 ms
2026-03-19T19:02:34.772+05:30  INFO 6972 --- [           main] o.hibernate.jpa.internal.util.LogHelper  : HHH000204: Processing PersistenceUnitInfo [name: default]
2026-03-19T19:02:35.095+05:30  INFO 6972 --- [           main] org.hibernate.Version                    : HHH000412: Hibernate ORM core version 6.4.1.Final
2026-03-19T19:02:35.261+05:30  INFO 6972 --- [           main] o.h.c.internal.RegionFactoryInitiator    : HHH000026: Second-level cache disabled
2026-03-19T19:02:36.300+05:30  INFO 6972 --- [           main] o.s.o.j.p.SpringPersistenceUnitInfo      : No LoadTimeWeaver setup: ignoring JPA class transformer
2026-03-19T19:02:36.398+05:30  INFO 6972 --- [           main] com.zaxxer.hikari.HikariDataSource       : HikariPool-1 - Starting...
2026-03-19T19:02:37.503+05:30  INFO 6972 --- [           main] com.zaxxer.hikari.pool.HikariPool        : HikariPool-1 - Added connection org.postgresql.jdbc.PgConnection@25470477
2026-03-19T19:02:37.508+05:30  INFO 6972 --- [           main] com.zaxxer.hikari.HikariDataSource       : HikariPool-1 - Start completed.
2026-03-19T19:02:37.704+05:30  WARN 6972 --- [           main] org.hibernate.orm.deprecation            : HHH90000025: PostgreSQLDialect does not need to be specified explicitly using 'hibernate.dialect' (remove the property setting and it will be selected by default)
2026-03-19T19:02:46.107+05:30  INFO 6972 --- [           main] o.h.e.t.j.p.i.JtaPlatformInitiator       : HHH000489: No JTA platform available (set 'hibernate.transaction.jta.platform' to enable JTA platform integration)
2026-03-19T19:02:47.024+05:30  INFO 6972 --- [           main] j.LocalContainerEntityManagerFactoryBean : Initialized JPA EntityManagerFactory for persistence unit 'default'
2026-03-19T19:02:54.779+05:30  WARN 6972 --- [           main] JpaBaseConfiguration$JpaWebConfiguration : spring.jpa.open-in-view is enabled by default. Therefore, database queries may be performed during view rendering. Explicitly configure spring.jpa.open-in-view to disable this warning
2026-03-19T19:02:56.958+05:30  INFO 6972 --- [           main] o.s.s.web.DefaultSecurityFilterChain     : Will secure any request with [org.springframework.security.web.session.DisableEncodeUrlFilter@453bbb9b, org.springframework.security.web.context.request.async.WebAsyncManagerIntegrationFilter@170b27a7, org.springframework.security.web.context.SecurityContextHolderFilter@79c4454, org.springframework.security.web.header.HeaderWriterFilter@3aec2f59, org.springframework.web.filter.CorsFilter@79392584, org.springframework.security.web.authentication.logout.LogoutFilter@64ba5a71, com.medico.backend.security.JwtAuthenticationFilter@574134ba, org.springframework.security.web.savedrequest.RequestCacheAwareFilter@31aee6d9, org.springframework.security.web.servletapi.SecurityContextHolderAwareRequestFilter@7f0b2bf1, org.springframework.security.web.authentication.AnonymousAuthenticationFilter@cf82c58, org.springframework.security.web.session.SessionManagementFilter@141874c8, org.springframework.security.web.access.ExceptionTranslationFilter@5c960f64, org.springframework.security.web.access.intercept.AuthorizationFilter@b3cbc0e]
2026-03-19T19:02:59.894+05:30  INFO 6972 --- [           main] o.s.b.w.embedded.tomcat.TomcatWebServer  : Tomcat started on port 8080 (http) with context path ''
2026-03-19T19:02:59.995+05:30  INFO 6972 --- [           main] com.medico.backend.BackendApplication    : Started BackendApplication in 36.451 seconds (process running for 40.108)
2026-03-19T19:03:00.621+05:30  INFO 6972 --- [nio-8080-exec-1] o.a.c.c.C.[Tomcat].[localhost].[/]       : Initializing Spring DispatcherServlet 'dispatcherServlet'
2026-03-19T19:03:00.621+05:30  INFO 6972 --- [nio-8080-exec-1] o.s.web.servlet.DispatcherServlet        : Initializing Servlet 'dispatcherServlet'
2026-03-19T19:03:00.623+05:30  INFO 6972 --- [nio-8080-exec-1] o.s.web.servlet.DispatcherServlet        : Completed initialization in 0 ms
Hibernate: select r1_0.id,r1_0.name from roles r1_0 where r1_0.name=?
Hibernate: select r1_0.id,r1_0.name from roles r1_0 where r1_0.name=?
Hibernate: select r1_0.id,r1_0.name from roles r1_0 where r1_0.name=?
Hibernate: select u1_0.id,u1_0.created_at,u1_0.email,u1_0.enabled,u1_0.password,u1_0.phone_number,u1_0.role_id from users u1_0 where u1_0.email=?
Hibernate: select r1_0.id,r1_0.name from roles r1_0 where r1_0.id=?
Hibernate: select u1_0.id,u1_0.created_at,u1_0.email,u1_0.enabled,u1_0.password,u1_0.phone_number,u1_0.role_id from users u1_0 where u1_0.email=?
Hibernate: insert into audit_logs (action,created_at,details,entity_id,entity_type,ip_address,user_id) values (?,?,?,?,?,?,?)
Hibernate: select d1_0.id,d1_0.first_name,d1_0.hospital_name,d1_0.last_name,d1_0.license_number,d1_0.phone_number,d1_0.profile_picture_url,d1_0.specialization,d1_0.user_id from doctors d1_0 left join users u1_0 on u1_0.id=d1_0.user_id where u1_0.id=?
Hibernate: select u1_0.id,u1_0.created_at,u1_0.email,u1_0.enabled,u1_0.password,u1_0.phone_number,u1_0.role_id from users u1_0 where u1_0.email=?
Hibernate: select r1_0.id,r1_0.name from roles r1_0 where r1_0.id=?
Hibernate: select u1_0.id,u1_0.created_at,u1_0.email,u1_0.enabled,u1_0.password,u1_0.phone_number,u1_0.role_id from users u1_0 where u1_0.email=?
Hibernate: select r1_0.id,r1_0.name from roles r1_0 where r1_0.id=?
Hibernate: select d1_0.id,d1_0.first_name,d1_0.hospital_name,d1_0.last_name,d1_0.license_number,d1_0.phone_number,d1_0.profile_picture_url,d1_0.specialization,d1_0.user_id from doctors d1_0 left join users u1_0 on u1_0.id=d1_0.user_id where u1_0.id=?
Hibernate: select u1_0.id,u1_0.created_at,u1_0.email,u1_0.enabled,u1_0.password,u1_0.phone_number,u1_0.role_id from users u1_0 where u1_0.email=?
Hibernate: select r1_0.id,r1_0.name from roles r1_0 where r1_0.id=?
Hibernate: select u1_0.id,u1_0.created_at,u1_0.email,u1_0.enabled,u1_0.password,u1_0.phone_number,u1_0.role_id from users u1_0 where u1_0.email=?
Hibernate: select r1_0.id,r1_0.name from roles r1_0 where r1_0.id=?
Hibernate: select d1_0.id,d1_0.first_name,d1_0.hospital_name,d1_0.last_name,d1_0.license_number,d1_0.phone_number,d1_0.profile_picture_url,d1_0.specialization,d1_0.user_id from doctors d1_0 left join users u1_0 on u1_0.id=d1_0.user_id where u1_0.id=?
Hibernate: select u1_0.id,u1_0.created_at,u1_0.email,u1_0.enabled,u1_0.password,u1_0.phone_number,u1_0.role_id from users u1_0 where u1_0.email=?
Hibernate: select r1_0.id,r1_0.name from roles r1_0 where r1_0.id=?
Hibernate: select u1_0.id,u1_0.created_at,u1_0.email,u1_0.enabled,u1_0.password,u1_0.phone_number,u1_0.role_id from users u1_0 where u1_0.email=?
Hibernate: select r1_0.id,r1_0.name from roles r1_0 where r1_0.id=?
Hibernate: select d1_0.id,d1_0.first_name,d1_0.hospital_name,d1_0.last_name,d1_0.license_number,d1_0.phone_number,d1_0.profile_picture_url,d1_0.specialization,d1_0.user_id from doctors d1_0 left join users u1_0 on u1_0.id=d1_0.user_id where u1_0.id=?
Hibernate: select u1_0.id,u1_0.created_at,u1_0.email,u1_0.enabled,u1_0.password,u1_0.phone_number,u1_0.role_id from users u1_0 where u1_0.email=?
Hibernate: select r1_0.id,r1_0.name from roles r1_0 where r1_0.id=?
Hibernate: select u1_0.id,u1_0.created_at,u1_0.email,u1_0.enabled,u1_0.password,u1_0.phone_number,u1_0.role_id from users u1_0 where u1_0.email=?
Hibernate: select r1_0.id,r1_0.name from roles r1_0 where r1_0.id=?
Hibernate: select d1_0.id,d1_0.first_name,d1_0.hospital_name,d1_0.last_name,d1_0.license_number,d1_0.phone_number,d1_0.profile_picture_url,d1_0.specialization,d1_0.user_id from doctors d1_0 left join users u1_0 on u1_0.id=d1_0.user_id where u1_0.id=?
